[0.084s] DEBUG:colcon:Command line arguments: ['/usr/bin/colcon', 'build', '--symlink-install']
[0.084s] DEBUG:colcon:Parsed command line arguments: Namespace(log_base=None, log_level=None, verb_name='build', build_base='build', install_base='install', merge_install=False, symlink_install=True, test_result_base=None, continue_on_error=False, executor='parallel', parallel_workers=4, event_handlers=None, ignore_user_meta=False, metas=['./colcon.meta'], base_paths=['.'], packages_ignore=None, packages_ignore_regex=None, paths=None, packages_up_to=None, packages_up_to_regex=None, packages_above=None, packages_above_and_dependencies=None, packages_above_depth=None, packages_select_by_dep=None, packages_skip_by_dep=None, packages_skip_up_to=None, packages_select_build_failed=False, packages_skip_build_finished=False, packages_select_test_failures=False, packages_skip_test_passed=False, packages_select=None, packages_skip=None, packages_select_regex=None, packages_skip_regex=None, packages_start=None, packages_end=None, allow_overriding=[], cmake_args=None, cmake_target=None, cmake_target_skip_unavailable=False, cmake_clean_cache=False, cmake_clean_first=False, cmake_force_configure=False, ament_cmake_args=None, catkin_cmake_args=None, catkin_skip_building_tests=False, verb_parser=<colcon_defaults.argument_parser.defaults.DefaultArgumentsDecorator object at 0xffff890bbfd0>, verb_extension=<colcon_core.verb.build.BuildVerb object at 0xffff890bbb80>, main=<bound method BuildVerb.main of <colcon_core.verb.build.BuildVerb object at 0xffff890bbb80>>)
[0.191s] Level 1:colcon.colcon_core.package_discovery:discover_packages(colcon_meta) check parameters
[0.191s] Level 1:colcon.colcon_core.package_discovery:discover_packages(recursive) check parameters
[0.191s] Level 1:colcon.colcon_core.package_discovery:discover_packages(ignore) check parameters
[0.191s] Level 1:colcon.colcon_core.package_discovery:discover_packages(path) check parameters
[0.191s] Level 1:colcon.colcon_core.package_discovery:discover_packages(colcon_meta) discover
[0.191s] Level 1:colcon.colcon_core.package_discovery:discover_packages(recursive) discover
[0.191s] INFO:colcon.colcon_core.package_discovery:Crawling recursively for packages in '/home/nsc9/dev_ws/src/herbie'
[0.191s] Level 1:colcon.colcon_core.package_identification:_identify(.) by extensions ['ignore', 'ignore_ament_install']
[0.191s] Level 1:colcon.colcon_core.package_identification:_identify(.) by extension 'ignore'
[0.192s] Level 1:colcon.colcon_core.package_identification:_identify(.) by extension 'ignore_ament_install'
[0.192s] Level 1:colcon.colcon_core.package_identification:_identify(.) by extensions ['colcon_pkg']
[0.192s] Level 1:colcon.colcon_core.package_identification:_identify(.) by extension 'colcon_pkg'
[0.192s] Level 1:colcon.colcon_core.package_identification:_identify(.) by extensions ['colcon_meta']
[0.192s] Level 1:colcon.colcon_core.package_identification:_identify(.) by extension 'colcon_meta'
[0.192s] Level 1:colcon.colcon_core.package_identification:_identify(.) by extensions ['ros']
[0.192s] Level 1:colcon.colcon_core.package_identification:_identify(.) by extension 'ros'
[0.206s] DEBUG:colcon.colcon_core.package_identification:Package '.' with type 'ros.ament_cmake' and name 'herbie'
[0.206s] Level 1:colcon.colcon_core.package_discovery:discover_packages(recursive) using defaults
[0.206s] Level 1:colcon.colcon_core.package_discovery:discover_packages(ignore) discover
[0.206s] Level 1:colcon.colcon_core.package_discovery:discover_packages(ignore) using defaults
[0.206s] Level 1:colcon.colcon_core.package_discovery:discover_packages(path) discover
[0.206s] Level 1:colcon.colcon_core.package_discovery:discover_packages(path) using defaults
[0.224s] Level 1:colcon.colcon_core.package_discovery:discover_packages(prefix_path) check parameters
[0.224s] Level 1:colcon.colcon_core.package_discovery:discover_packages(prefix_path) discover
[0.231s] DEBUG:colcon.colcon_installed_package_information.package_discovery:Found 1 installed packages in /home/nsc9/dev_ws/install
[0.232s] DEBUG:colcon.colcon_installed_package_information.package_discovery:Found 274 installed packages in /opt/ros/humble
[0.234s] Level 1:colcon.colcon_core.package_discovery:discover_packages(prefix_path) using defaults
[0.260s] Level 5:colcon.colcon_core.verb:set package 'herbie' build argument 'cmake_args' from command line to 'None'
[0.260s] Level 5:colcon.colcon_core.verb:set package 'herbie' build argument 'cmake_target' from command line to 'None'
[0.260s] Level 5:colcon.colcon_core.verb:set package 'herbie' build argument 'cmake_target_skip_unavailable' from command line to 'False'
[0.260s] Level 5:colcon.colcon_core.verb:set package 'herbie' build argument 'cmake_clean_cache' from command line to 'False'
[0.260s] Level 5:colcon.colcon_core.verb:set package 'herbie' build argument 'cmake_clean_first' from command line to 'False'
[0.260s] Level 5:colcon.colcon_core.verb:set package 'herbie' build argument 'cmake_force_configure' from command line to 'False'
[0.260s] Level 5:colcon.colcon_core.verb:set package 'herbie' build argument 'ament_cmake_args' from command line to 'None'
[0.260s] Level 5:colcon.colcon_core.verb:set package 'herbie' build argument 'catkin_cmake_args' from command line to 'None'
[0.260s] Level 5:colcon.colcon_core.verb:set package 'herbie' build argument 'catkin_skip_building_tests' from command line to 'False'
[0.260s] DEBUG:colcon.colcon_core.verb:Building package 'herbie' with the following arguments: {'ament_cmake_args': None, 'build_base': '/home/nsc9/dev_ws/src/herbie/build/herbie', 'catkin_cmake_args': None, 'catkin_skip_building_tests': False, 'cmake_args': None, 'cmake_clean_cache': False, 'cmake_clean_first': False, 'cmake_force_configure': False, 'cmake_target': None, 'cmake_target_skip_unavailable': False, 'install_base': '/home/nsc9/dev_ws/src/herbie/install/herbie', 'merge_install': False, 'path': '/home/nsc9/dev_ws/src/herbie', 'symlink_install': True, 'test_result_base': None}
[0.260s] INFO:colcon.colcon_core.executor:Executing jobs using 'parallel' executor
[0.261s] DEBUG:colcon.colcon_parallel_executor.executor.parallel:run_until_complete
[0.261s] INFO:colcon.colcon_ros.task.ament_cmake.build:Building ROS package in '/home/nsc9/dev_ws/src/herbie' with build type 'ament_cmake'
[0.261s] INFO:colcon.colcon_cmake.task.cmake.build:Building CMake package in '/home/nsc9/dev_ws/src/herbie'
[0.262s] INFO:colcon.colcon_core.plugin_system:Skipping extension 'colcon_core.shell.bat': Not used on non-Windows systems
[0.262s] INFO:colcon.colcon_core.shell:Skip shell extension 'powershell' for command environment: Not usable outside of PowerShell
[0.262s] DEBUG:colcon.colcon_core.shell:Skip shell extension 'dsv' for command environment
[0.269s] DEBUG:colcon.colcon_core.event_handler.log_command:Invoking command in '/home/nsc9/dev_ws/src/herbie/build/herbie': CMAKE_PREFIX_PATH=${CMAKE_PREFIX_PATH}:/opt/ros/humble /usr/bin/cmake /home/nsc9/dev_ws/src/herbie -DAMENT_CMAKE_SYMLINK_INSTALL=1 -DCMAKE_INSTALL_PREFIX=/home/nsc9/dev_ws/src/herbie/install/herbie
[0.918s] DEBUG:colcon.colcon_core.event_handler.log_command:Invoked command in '/home/nsc9/dev_ws/src/herbie/build/herbie' returned '0': CMAKE_PREFIX_PATH=${CMAKE_PREFIX_PATH}:/opt/ros/humble /usr/bin/cmake /home/nsc9/dev_ws/src/herbie -DAMENT_CMAKE_SYMLINK_INSTALL=1 -DCMAKE_INSTALL_PREFIX=/home/nsc9/dev_ws/src/herbie/install/herbie
[0.918s] DEBUG:colcon.colcon_core.event_handler.log_command:Invoking command in '/home/nsc9/dev_ws/src/herbie/build/herbie': CMAKE_PREFIX_PATH=${CMAKE_PREFIX_PATH}:/opt/ros/humble /usr/bin/cmake --build /home/nsc9/dev_ws/src/herbie/build/herbie -- -j4 -l4
[0.936s] DEBUG:colcon.colcon_core.event_handler.log_command:Invoked command in '/home/nsc9/dev_ws/src/herbie/build/herbie' returned '0': CMAKE_PREFIX_PATH=${CMAKE_PREFIX_PATH}:/opt/ros/humble /usr/bin/cmake --build /home/nsc9/dev_ws/src/herbie/build/herbie -- -j4 -l4
[0.940s] DEBUG:colcon.colcon_core.event_handler.log_command:Invoking command in '/home/nsc9/dev_ws/src/herbie/build/herbie': CMAKE_PREFIX_PATH=${CMAKE_PREFIX_PATH}:/opt/ros/humble /usr/bin/cmake --install /home/nsc9/dev_ws/src/herbie/build/herbie
[1.021s] Level 1:colcon.colcon_core.environment:create_environment_scripts_only(herbie)
[1.021s] DEBUG:colcon.colcon_core.event_handler.log_command:Invoked command in '/home/nsc9/dev_ws/src/herbie/build/herbie' returned '0': CMAKE_PREFIX_PATH=${CMAKE_PREFIX_PATH}:/opt/ros/humble /usr/bin/cmake --install /home/nsc9/dev_ws/src/herbie/build/herbie
[1.023s] Level 1:colcon.colcon_core.environment:checking '/home/nsc9/dev_ws/src/herbie/install/herbie' for CMake module files
[1.023s] Level 1:colcon.colcon_core.environment:checking '/home/nsc9/dev_ws/src/herbie/install/herbie' for CMake config files
[1.023s] Level 1:colcon.colcon_core.shell:create_environment_hook('herbie', 'cmake_prefix_path')
[1.024s] INFO:colcon.colcon_core.shell:Creating environment hook '/home/nsc9/dev_ws/src/herbie/install/herbie/share/herbie/hook/cmake_prefix_path.ps1'
[1.024s] INFO:colcon.colcon_core.shell:Creating environment descriptor '/home/nsc9/dev_ws/src/herbie/install/herbie/share/herbie/hook/cmake_prefix_path.dsv'
[1.024s] INFO:colcon.colcon_core.shell:Creating environment hook '/home/nsc9/dev_ws/src/herbie/install/herbie/share/herbie/hook/cmake_prefix_path.sh'
[1.025s] Level 1:colcon.colcon_core.environment:checking '/home/nsc9/dev_ws/src/herbie/install/herbie/bin'
[1.025s] Level 1:colcon.colcon_core.environment:checking '/home/nsc9/dev_ws/src/herbie/install/herbie/lib/pkgconfig/herbie.pc'
[1.025s] Level 1:colcon.colcon_core.environment:checking '/home/nsc9/dev_ws/src/herbie/install/herbie/lib/python3.10/site-packages'
[1.025s] Level 1:colcon.colcon_core.environment:checking '/home/nsc9/dev_ws/src/herbie/install/herbie/bin'
[1.025s] INFO:colcon.colcon_core.shell:Creating package script '/home/nsc9/dev_ws/src/herbie/install/herbie/share/herbie/package.ps1'
[1.026s] INFO:colcon.colcon_core.shell:Creating package descriptor '/home/nsc9/dev_ws/src/herbie/install/herbie/share/herbie/package.dsv'
[1.026s] INFO:colcon.colcon_core.shell:Creating package script '/home/nsc9/dev_ws/src/herbie/install/herbie/share/herbie/package.sh'
[1.027s] INFO:colcon.colcon_core.shell:Creating package script '/home/nsc9/dev_ws/src/herbie/install/herbie/share/herbie/package.bash'
[1.027s] INFO:colcon.colcon_core.shell:Creating package script '/home/nsc9/dev_ws/src/herbie/install/herbie/share/herbie/package.zsh'
[1.027s] Level 1:colcon.colcon_core.environment:create_file_with_runtime_dependencies(/home/nsc9/dev_ws/src/herbie/install/herbie/share/colcon-core/packages/herbie)
[1.028s] Level 1:colcon.colcon_core.environment:create_environment_scripts_only(herbie)
[1.028s] Level 1:colcon.colcon_core.environment:checking '/home/nsc9/dev_ws/src/herbie/install/herbie' for CMake module files
[1.028s] Level 1:colcon.colcon_core.environment:checking '/home/nsc9/dev_ws/src/herbie/install/herbie' for CMake config files
[1.028s] Level 1:colcon.colcon_core.shell:create_environment_hook('herbie', 'cmake_prefix_path')
[1.028s] INFO:colcon.colcon_core.shell:Creating environment hook '/home/nsc9/dev_ws/src/herbie/install/herbie/share/herbie/hook/cmake_prefix_path.ps1'
[1.028s] INFO:colcon.colcon_core.shell:Creating environment descriptor '/home/nsc9/dev_ws/src/herbie/install/herbie/share/herbie/hook/cmake_prefix_path.dsv'
[1.028s] INFO:colcon.colcon_core.shell:Creating environment hook '/home/nsc9/dev_ws/src/herbie/install/herbie/share/herbie/hook/cmake_prefix_path.sh'
[1.029s] Level 1:colcon.colcon_core.environment:checking '/home/nsc9/dev_ws/src/herbie/install/herbie/bin'
[1.029s] Level 1:colcon.colcon_core.environment:checking '/home/nsc9/dev_ws/src/herbie/install/herbie/lib/pkgconfig/herbie.pc'
[1.029s] Level 1:colcon.colcon_core.environment:checking '/home/nsc9/dev_ws/src/herbie/install/herbie/lib/python3.10/site-packages'
[1.029s] Level 1:colcon.colcon_core.environment:checking '/home/nsc9/dev_ws/src/herbie/install/herbie/bin'
[1.029s] INFO:colcon.colcon_core.shell:Creating package script '/home/nsc9/dev_ws/src/herbie/install/herbie/share/herbie/package.ps1'
[1.029s] INFO:colcon.colcon_core.shell:Creating package descriptor '/home/nsc9/dev_ws/src/herbie/install/herbie/share/herbie/package.dsv'
[1.030s] INFO:colcon.colcon_core.shell:Creating package script '/home/nsc9/dev_ws/src/herbie/install/herbie/share/herbie/package.sh'
[1.030s] INFO:colcon.colcon_core.shell:Creating package script '/home/nsc9/dev_ws/src/herbie/install/herbie/share/herbie/package.bash'
[1.030s] INFO:colcon.colcon_core.shell:Creating package script '/home/nsc9/dev_ws/src/herbie/install/herbie/share/herbie/package.zsh'
[1.030s] Level 1:colcon.colcon_core.environment:create_file_with_runtime_dependencies(/home/nsc9/dev_ws/src/herbie/install/herbie/share/colcon-core/packages/herbie)
[1.030s] DEBUG:colcon.colcon_parallel_executor.executor.parallel:closing loop
[1.031s] DEBUG:colcon.colcon_parallel_executor.executor.parallel:loop closed
[1.031s] DEBUG:colcon.colcon_parallel_executor.executor.parallel:run_until_complete finished with '0'
[1.031s] DEBUG:colcon.colcon_core.event_reactor:joining thread
[1.034s] INFO:colcon.colcon_core.plugin_system:Skipping extension 'colcon_notification.desktop_notification.terminal_notifier': Not used on non-Darwin systems
[1.034s] INFO:colcon.colcon_core.plugin_system:Skipping extension 'colcon_notification.desktop_notification.win32': Not used on non-Windows systems
[1.034s] INFO:colcon.colcon_notification.desktop_notification:Sending desktop notification using 'notify2'
[1.061s] DEBUG:colcon.colcon_core.event_reactor:joined thread
[1.061s] INFO:colcon.colcon_core.shell:Creating prefix script '/home/nsc9/dev_ws/src/herbie/install/local_setup.ps1'
[1.062s] INFO:colcon.colcon_core.shell:Creating prefix util module '/home/nsc9/dev_ws/src/herbie/install/_local_setup_util_ps1.py'
[1.075s] INFO:colcon.colcon_core.shell:Creating prefix chain script '/home/nsc9/dev_ws/src/herbie/install/setup.ps1'
[1.077s] INFO:colcon.colcon_core.shell:Creating prefix script '/home/nsc9/dev_ws/src/herbie/install/local_setup.sh'
[1.078s] INFO:colcon.colcon_core.shell:Creating prefix util module '/home/nsc9/dev_ws/src/herbie/install/_local_setup_util_sh.py'
[1.078s] INFO:colcon.colcon_core.shell:Creating prefix chain script '/home/nsc9/dev_ws/src/herbie/install/setup.sh'
[1.079s] INFO:colcon.colcon_core.shell:Creating prefix script '/home/nsc9/dev_ws/src/herbie/install/local_setup.bash'
[1.080s] INFO:colcon.colcon_core.shell:Creating prefix chain script '/home/nsc9/dev_ws/src/herbie/install/setup.bash'
[1.084s] INFO:colcon.colcon_core.shell:Creating prefix script '/home/nsc9/dev_ws/src/herbie/install/local_setup.zsh'
[1.084s] INFO:colcon.colcon_core.shell:Creating prefix chain script '/home/nsc9/dev_ws/src/herbie/install/setup.zsh'
