[0.007s] Invoking command in '/home/nsc9/dev_ws/src/herbie/build/herbie': CMAKE_PREFIX_PATH=${CMAKE_PREFIX_PATH}:/opt/ros/humble /usr/bin/cmake /home/nsc9/dev_ws/src/herbie -DAMENT_CMAKE_SYMLINK_INSTALL=1 -DCMAKE_INSTALL_PREFIX=/home/nsc9/dev_ws/src/herbie/install/herbie
[0.165s] -- The C compiler identification is GNU 11.4.0
[0.250s] -- The CXX compiler identification is GNU 11.4.0
[0.256s] -- Detecting C compiler ABI info
[0.313s] -- Detecting C compiler ABI info - done
[0.318s] -- Check for working C compiler: /usr/bin/cc - skipped
[0.319s] -- Detecting C compile features
[0.319s] -- Detecting C compile features - done
[0.322s] -- Detecting CXX compiler ABI info
[0.370s] -- Detecting CXX compiler ABI info - done
[0.375s] -- Check for working CXX compiler: /usr/bin/c++ - skipped
[0.375s] -- Detecting CXX compile features
[0.375s] -- Detecting CXX compile features - done
[0.377s] -- Found ament_cmake: 1.3.11 (/opt/ros/humble/share/ament_cmake/cmake)
[0.500s] -- Found Python3: /usr/bin/python3 (found version "3.10.12") found components: Interpreter 
[0.557s] -- Override CMake install command with custom implementation using symlinks instead of copying resources
[0.575s] -- Found ament_lint_auto: 0.12.12 (/opt/ros/humble/share/ament_lint_auto/cmake)
[0.629s] -- Added test 'copyright' to check source files copyright and LICENSE
[0.636s] -- Added test 'cppcheck' to perform static code analysis on C / C++ code
[0.636s] -- Configured cppcheck include dirs: 
[0.636s] -- Configured cppcheck exclude dirs and/or files: 
[0.640s] -- Added test 'cpplint' to check C / C++ code against the Google style
[0.640s] -- Configured cpplint exclude dirs and/or files: 
[0.641s] -- Added test 'flake8' to check Python code syntax and style conventions
[0.642s] -- Added test 'lint_cmake' to check CMake code style
[0.643s] -- Added test 'pep257' to check Python code against some of the docstring style conventions in PEP 257
[0.646s] -- Added test 'uncrustify' to check C / C++ code style
[0.646s] -- Configured uncrustify additional arguments: 
[0.647s] -- Added test 'xmllint' to check XML markup files
[0.648s] -- Configuring done
[0.651s] -- Generating done
[0.653s] -- Build files have been written to: /home/nsc9/dev_ws/src/herbie/build/herbie
[0.655s] Invoked command in '/home/nsc9/dev_ws/src/herbie/build/herbie' returned '0': CMAKE_PREFIX_PATH=${CMAKE_PREFIX_PATH}:/opt/ros/humble /usr/bin/cmake /home/nsc9/dev_ws/src/herbie -DAMENT_CMAKE_SYMLINK_INSTALL=1 -DCMAKE_INSTALL_PREFIX=/home/nsc9/dev_ws/src/herbie/install/herbie
[0.657s] Invoking command in '/home/nsc9/dev_ws/src/herbie/build/herbie': CMAKE_PREFIX_PATH=${CMAKE_PREFIX_PATH}:/opt/ros/humble /usr/bin/cmake --build /home/nsc9/dev_ws/src/herbie/build/herbie -- -j4 -l4
[0.675s] Invoked command in '/home/nsc9/dev_ws/src/herbie/build/herbie' returned '0': CMAKE_PREFIX_PATH=${CMAKE_PREFIX_PATH}:/opt/ros/humble /usr/bin/cmake --build /home/nsc9/dev_ws/src/herbie/build/herbie -- -j4 -l4
[0.678s] Invoking command in '/home/nsc9/dev_ws/src/herbie/build/herbie': CMAKE_PREFIX_PATH=${CMAKE_PREFIX_PATH}:/opt/ros/humble /usr/bin/cmake --install /home/nsc9/dev_ws/src/herbie/build/herbie
[0.681s] -- Install configuration: ""
[0.682s] -- Execute custom install script
[0.682s] -- Symlinking: /home/nsc9/dev_ws/src/herbie/install/herbie/share/herbie/config/empty.yaml
[0.686s] -- Symlinking: /home/nsc9/dev_ws/src/herbie/install/herbie/share/herbie/description/inertial_macros.xacro
[0.690s] -- Symlinking: /home/nsc9/dev_ws/src/herbie/install/herbie/share/herbie/description/robot.urdf.xacro
[0.693s] -- Symlinking: /home/nsc9/dev_ws/src/herbie/install/herbie/share/herbie/description/robot_core.xacro
[0.697s] -- Symlinking: /home/nsc9/dev_ws/src/herbie/install/herbie/share/herbie/launch/rsp.launch.py
[0.700s] -- Symlinking: /home/nsc9/dev_ws/src/herbie/install/herbie/share/herbie/worlds/empty.world
[0.704s] -- Symlinking: /home/nsc9/dev_ws/src/herbie/install/herbie/share/ament_index/resource_index/package_run_dependencies/herbie
[0.707s] -- Symlinking: /home/nsc9/dev_ws/src/herbie/install/herbie/share/ament_index/resource_index/parent_prefix_path/herbie
[0.710s] -- Symlinking: /home/nsc9/dev_ws/src/herbie/install/herbie/share/herbie/environment/ament_prefix_path.sh
[0.714s] -- Symlinking: /home/nsc9/dev_ws/src/herbie/install/herbie/share/herbie/environment/ament_prefix_path.dsv
[0.717s] -- Symlinking: /home/nsc9/dev_ws/src/herbie/install/herbie/share/herbie/environment/path.sh
[0.721s] -- Symlinking: /home/nsc9/dev_ws/src/herbie/install/herbie/share/herbie/environment/path.dsv
[0.725s] -- Symlinking: /home/nsc9/dev_ws/src/herbie/install/herbie/share/herbie/local_setup.bash
[0.728s] -- Symlinking: /home/nsc9/dev_ws/src/herbie/install/herbie/share/herbie/local_setup.sh
[0.732s] -- Symlinking: /home/nsc9/dev_ws/src/herbie/install/herbie/share/herbie/local_setup.zsh
[0.735s] -- Symlinking: /home/nsc9/dev_ws/src/herbie/install/herbie/share/herbie/local_setup.dsv
[0.740s] -- Symlinking: /home/nsc9/dev_ws/src/herbie/install/herbie/share/herbie/package.dsv
[0.744s] -- Symlinking: /home/nsc9/dev_ws/src/herbie/install/herbie/share/ament_index/resource_index/packages/herbie
[0.748s] -- Symlinking: /home/nsc9/dev_ws/src/herbie/install/herbie/share/herbie/cmake/herbieConfig.cmake
[0.751s] -- Symlinking: /home/nsc9/dev_ws/src/herbie/install/herbie/share/herbie/cmake/herbieConfig-version.cmake
[0.755s] -- Symlinking: /home/nsc9/dev_ws/src/herbie/install/herbie/share/herbie/package.xml
[0.760s] Invoked command in '/home/nsc9/dev_ws/src/herbie/build/herbie' returned '0': CMAKE_PREFIX_PATH=${CMAKE_PREFIX_PATH}:/opt/ros/humble /usr/bin/cmake --install /home/nsc9/dev_ws/src/herbie/build/herbie
